<?xml version="1.0" encoding="utf-8"?><testsuites name="pytest tests"><testsuite name="pytest" errors="0" failures="1" skipped="0" tests="20" time="4.629" timestamp="2026-09-07T09:26:40.700448+00:00" hostname="agent-env-5a68f4be-e9ae-4b96-90ca-e27a14a0bfd0"><testcase classname="tests.test_punchdesk_regression" name="test_health" time="0.273"><failure message="AssertionError: assert None in {'connected', 'ok', True}&#10; +  where None = &lt;built-in method get of dict object at 0xfcf54f2f1dc0&gt;('db')&#10; +    where &lt;built-in method get of dict object at 0xfcf54f2f1dc0&gt; = {'status': 'ok', 'database': 'connected'}.get">tests/test_punchdesk_regression.py:131: in test_health
    assert body.get("db") in {"connected", True, "ok"}
E   AssertionError: assert None in {'connected', 'ok', True}
E    +  where None = &lt;built-in method get of dict object at 0xfcf54f2f1dc0&gt;('db')
E    +    where &lt;built-in method get of dict object at 0xfcf54f2f1dc0&gt; = {'status': 'ok', 'database': 'connected'}.get</failure></testcase><testcase classname="tests.test_punchdesk_regression" name="test_app_config" time="0.072" /><testcase classname="tests.test_punchdesk_regression" name="test_otp_flow_bad_code" time="0.141" /><testcase classname="tests.test_punchdesk_regression" name="test_otp_flow_demo_success" time="0.132" /><testcase classname="tests.test_punchdesk_regression" name="test_profile_update_rejects_bad_enum" time="0.416" /><testcase classname="tests.test_punchdesk_regression" name="test_profile_photo_upload_delete" time="0.153" /><testcase classname="tests.test_punchdesk_regression" name="test_profile_location_geojson" time="0.174" /><testcase classname="tests.test_punchdesk_regression" name="test_discovery_hides_coordinates" time="0.069" /><testcase classname="tests.test_punchdesk_regression" name="test_reciprocal_like_creates_match" time="0.416" /><testcase classname="tests.test_punchdesk_regression" name="test_matches_list" time="0.069" /><testcase classname="tests.test_punchdesk_regression" name="test_chat_conversation_and_messages" time="0.208" /><testcase classname="tests.test_punchdesk_regression" name="test_chat_mark_read" time="0.140" /><testcase classname="tests.test_punchdesk_regression" name="test_websocket_message_delivery" time="0.611" /><testcase classname="tests.test_punchdesk_regression" name="test_websocket_bad_token_rejected" time="0.170" /><testcase classname="tests.test_punchdesk_regression" name="test_photo_requests_flow" time="0.272" /><testcase classname="tests.test_punchdesk_regression" name="test_blocks_hide_from_discovery" time="0.283" /><testcase classname="tests.test_punchdesk_regression" name="test_report_validations" time="0.201" /><testcase classname="tests.test_punchdesk_regression" name="test_support_ticket_lifecycle" time="0.270" /><testcase classname="tests.test_punchdesk_regression" name="test_admin_requires_key" time="0.065" /><testcase classname="tests.test_punchdesk_regression" name="test_subscription_plans_and_mine" time="0.135" /></testsuite></testsuites>